Using pre-set license
Built from '2021.3/staging' branch; Version is '2021.3.19f1 (c9714fde33b6) revision 13201743'; Using compiler version '192829333'; Build Type 'Release'
OS: 'Windows 11  (10.0.22621) 64bit Core' Language: 'en' Physical Memory: 16055 MB
BatchMode: 1, IsHumanControllingUs: 0, StartBugReporterOnCrash: 0, Is64bit: 1, IsPro: 1

COMMAND LINE ARGUMENTS:
C:\Program Files\Unity\Hub\Editor\2021.3.19f1\Editor\Unity.exe
-adb2
-batchMode
-noUpm
-name
AssetImportWorker0
-projectPath
C:/Users/jacob/OneDrive/Desktop/Unity Projects/Chicken Off
-logFile
Logs/AssetImportWorker0.log
-srvPort
62136
Successfully changed project path to: C:/Users/jacob/OneDrive/Desktop/Unity Projects/Chicken Off
C:/Users/jacob/OneDrive/Desktop/Unity Projects/Chicken Off
[UnityMemory] Configuration Parameters - Can be set up in boot.config
    "memorysetup-bucket-allocator-granularity=16"
    "memorysetup-bucket-allocator-bucket-count=8"
    "memorysetup-bucket-allocator-block-size=33554432"
    "memorysetup-bucket-allocator-block-count=8"
    "memorysetup-main-allocator-block-size=16777216"
    "memorysetup-thread-allocator-block-size=16777216"
    "memorysetup-gfx-main-allocator-block-size=16777216"
    "memorysetup-gfx-thread-allocator-block-size=16777216"
    "memorysetup-cache-allocator-block-size=4194304"
    "memorysetup-typetree-allocator-block-size=2097152"
    "memorysetup-profiler-bucket-allocator-granularity=16"
    "memorysetup-profiler-bucket-allocator-bucket-count=8"
    "memorysetup-profiler-bucket-allocator-block-size=33554432"
    "memorysetup-profiler-bucket-allocator-block-count=8"
    "memorysetup-profiler-allocator-block-size=16777216"
    "memorysetup-profiler-editor-allocator-block-size=1048576"
    "memorysetup-temp-allocator-size-main=16777216"
    "memorysetup-job-temp-allocator-block-size=2097152"
    "memorysetup-job-temp-allocator-block-size-background=1048576"
    "memorysetup-job-temp-allocator-reduction-small-platforms=262144"
    "memorysetup-temp-allocator-size-background-worker=32768"
    "memorysetup-temp-allocator-size-job-worker=262144"
    "memorysetup-temp-allocator-size-preload-manager=33554432"
    "memorysetup-temp-allocator-size-nav-mesh-worker=65536"
    "memorysetup-temp-allocator-size-audio-worker=65536"
    "memorysetup-temp-allocator-size-cloud-worker=32768"
    "memorysetup-temp-allocator-size-gi-baking-worker=262144"
    "memorysetup-temp-allocator-size-gfx=262144"
Player connection [25604] Host "[IP] 192.168.0.12 [Port] 0 [Flags] 2 [Guid] 1025639540 [EditorId] 1025639540 [Version] 1048832 [Id] WindowsEditor(7,Conklinator) [Debug] 1 [PackageName] WindowsEditor [ProjectName] Editor" joined multi-casting on [225.0.0.222:54997]...

Player connection [25604] Host "[IP] 192.168.0.12 [Port] 0 [Flags] 2 [Guid] 1025639540 [EditorId] 1025639540 [Version] 1048832 [Id] WindowsEditor(7,Conklinator) [Debug] 1 [PackageName] WindowsEditor [ProjectName] Editor" joined alternative multi-casting on [225.0.0.222:34997]...

Refreshing native plugins compatible for Editor in 49.60 ms, found 2 plugins.
Preloading 0 native plugins for Editor in 0.00 ms.
Initialize engine version: 2021.3.19f1 (c9714fde33b6)
[Subsystems] Discovering subsystems at path C:/Program Files/Unity/Hub/Editor/2021.3.19f1/Editor/Data/Resources/UnitySubsystems
[Subsystems] Discovering subsystems at path C:/Users/jacob/OneDrive/Desktop/Unity Projects/Chicken Off/Assets
GfxDevice: creating device client; threaded=0; jobified=0
Direct3D:
    Version:  Direct3D 11.0 [level 11.1]
    Renderer: NVIDIA GeForce RTX 3050 Ti Laptop GPU (ID=0x25a0)
    Vendor:   NVIDIA
    VRAM:     3978 MB
    Driver:   31.0.15.2737
Initialize mono
Mono path[0] = 'C:/Program Files/Unity/Hub/Editor/2021.3.19f1/Editor/Data/Managed'
Mono path[1] = 'C:/Program Files/Unity/Hub/Editor/2021.3.19f1/Editor/Data/MonoBleedingEdge/lib/mono/unityjit-win32'
Mono config path = 'C:/Program Files/Unity/Hub/Editor/2021.3.19f1/Editor/Data/MonoBleedingEdge/etc'
Using monoOptions --debugger-agent=transport=dt_socket,embedding=1,server=y,suspend=n,address=127.0.0.1:56128
Begin MonoManager ReloadAssembly
Registering precompiled unity dll's ...
Register platform support module: C:/Program Files/Unity/Hub/Editor/2021.3.19f1/Editor/Data/PlaybackEngines/WebGLSupport/UnityEditor.WebGL.Extensions.dll
Register platform support module: C:/Program Files/Unity/Hub/Editor/2021.3.19f1/Editor/Data/PlaybackEngines/WindowsStandaloneSupport/UnityEditor.WindowsStandalone.Extensions.dll
Registered in 0.010974 seconds.
Native extension for WindowsStandalone target not found
Native extension for WebGL target not found
Refreshing native plugins compatible for Editor in 48.11 ms, found 2 plugins.
Preloading 0 native plugins for Editor in 0.00 ms.
Mono: successfully reloaded assembly
- Completed reload, in  1.015 seconds
Domain Reload Profiling:
	ReloadAssembly (1016ms)
		BeginReloadAssembly (138ms)
			ExecutionOrderSort (0ms)
			DisableScriptedObjects (0ms)
			BackupInstance (0ms)
			ReleaseScriptingObjects (0ms)
			CreateAndSetChildDomain (2ms)
		EndReloadAssembly (683ms)
			LoadAssemblies (135ms)
			RebuildTransferFunctionScriptingTraits (0ms)
			SetupTypeCache (167ms)
			ReleaseScriptCaches (0ms)
			RebuildScriptCaches (47ms)
			SetupLoadedEditorAssemblies (385ms)
				LogAssemblyErrors (0ms)
				InitializePlatformSupportModulesInManaged (16ms)
				SetLoadedEditorAssemblies (0ms)
				RefreshPlugins (48ms)
				BeforeProcessingInitializeOnLoad (3ms)
				ProcessInitializeOnLoadAttributes (245ms)
				ProcessInitializeOnLoadMethodAttributes (73ms)
				AfterProcessingInitializeOnLoad (0ms)
				EditorAssembliesLoaded (0ms)
			ExecutionOrderSort2 (0ms)
			AwakeInstancesAfterBackupRestoration (0ms)
Platform modules already initialized, skipping
Registering precompiled user dll's ...
Registered in 0.006844 seconds.
Begin MonoManager ReloadAssembly
Native extension for WindowsStandalone target not found
Native extension for WebGL target not found
Refreshing native plugins compatible for Editor in 33.01 ms, found 2 plugins.
Preloading 0 native plugins for Editor in 0.00 ms.
Mono: successfully reloaded assembly
- Completed reload, in  1.139 seconds
Domain Reload Profiling:
	ReloadAssembly (1140ms)
		BeginReloadAssembly (177ms)
			ExecutionOrderSort (0ms)
			DisableScriptedObjects (9ms)
			BackupInstance (0ms)
			ReleaseScriptingObjects (0ms)
			CreateAndSetChildDomain (28ms)
		EndReloadAssembly (779ms)
			LoadAssemblies (119ms)
			RebuildTransferFunctionScriptingTraits (0ms)
			SetupTypeCache (191ms)
			ReleaseScriptCaches (0ms)
			RebuildScriptCaches (43ms)
			SetupLoadedEditorAssemblies (411ms)
				LogAssemblyErrors (0ms)
				InitializePlatformSupportModulesInManaged (6ms)
				SetLoadedEditorAssemblies (0ms)
				RefreshPlugins (33ms)
				BeforeProcessingInitializeOnLoad (52ms)
				ProcessInitializeOnLoadAttributes (293ms)
				ProcessInitializeOnLoadMethodAttributes (17ms)
				AfterProcessingInitializeOnLoad (9ms)
				EditorAssembliesLoaded (0ms)
			ExecutionOrderSort2 (0ms)
			AwakeInstancesAfterBackupRestoration (7ms)
Platform modules already initialized, skipping
========================================================================
Worker process is ready to serve import requests
Launched and connected shader compiler UnityShaderCompiler.exe after 0.07 seconds
Refreshing native plugins compatible for Editor in 0.37 ms, found 2 plugins.
Preloading 0 native plugins for Editor in 0.00 ms.
Unloading 1765 Unused Serialized files (Serialized files now loaded: 0)
Unloading 19 unused Assets / (58.6 KB). Loaded Objects now: 2237.
Memory consumption went from 81.1 MB to 81.1 MB.
Total: 3.450800 ms (FindLiveObjects: 0.134400 ms CreateObjectMapping: 0.044500 ms MarkObjects: 3.150800 ms  DeleteObjects: 0.114500 ms)

AssetImportParameters requested are different than current active one (requested -> active):
  custom:video-decoder-ogg-theora: a1e56fd34408186e4bbccfd4996cb3dc -> 
  custom:container-muxer-webm: aa71ff27fc2769a1b78a27578f13a17b -> 
  custom:container-demuxer-webm: 4f35f7cbe854078d1ac9338744f61a02 -> 
  custom:video-encoder-webm-vp8: eb34c28f22e8b96e1ab97ce403110664 -> 
  custom:video-codec-MediaFoundation-h265: 746d11721c4dcdbdad8f713fa42b33f4 -> 
  custom:audio-encoder-webm-vorbis: bf7c407c2cedff20999df2af8eb42d56 -> 
  custom:framework-win-MediaFoundation: 216162199b28c13a410421893ffa2e32 -> 
  custom:container-demuxer-ogg: 62fdf1f143b41e24485cea50d1cbac27 -> 
  custom:video-decoder-webm-vp8: 9c59270c3fd7afecdb556c50c9e8de78 -> 
  custom:audio-decoder-ogg-vorbis: bf7c407c2cedff20999df2af8eb42d56 -> 
========================================================================
Received Import Request.
  Time since last request: 609158.693601 seconds.
  path: Assets/Prefabs/PlayerParent.prefab
  artifactKey: Guid(5040a1ae6efffe642874c79c9721179b) Importer(815301076,1909f56bfc062723c751e8b465ee728b)
Start importing Assets/Prefabs/PlayerParent.prefab using Guid(5040a1ae6efffe642874c79c9721179b) Importer(815301076,1909f56bfc062723c751e8b465ee728b)  -> (artifact id: '980fc0dbaccbcf544c672a3a0243e66b') in 0.136419 seconds 
========================================================================
Received Import Request.
  Time since last request: 145.323632 seconds.
  path: Assets/CasualGameSounds/DM-CGS-32.wav
  artifactKey: Guid(29bde6326b4c34ad8a12da475f79b50a) Importer(815301076,1909f56bfc062723c751e8b465ee728b)
Start importing Assets/CasualGameSounds/DM-CGS-32.wav using Guid(29bde6326b4c34ad8a12da475f79b50a) Importer(815301076,1909f56bfc062723c751e8b465ee728b)  -> (artifact id: '9d16f0c8cbbfd79f1d6141bb1d96d011') in 0.255720 seconds 
========================================================================
Received Import Request.
  Time since last request: 0.000052 seconds.
  path: Assets/CasualGameSounds/Swipe2.wav
  artifactKey: Guid(d46323e22e74e46baa241cbf48c85671) Importer(815301076,1909f56bfc062723c751e8b465ee728b)
Start importing Assets/CasualGameSounds/Swipe2.wav using Guid(d46323e22e74e46baa241cbf48c85671) Importer(815301076,1909f56bfc062723c751e8b465ee728b)  -> (artifact id: 'c9b6e55a237aab0863b38b138a4a602f') in 0.018447 seconds 
========================================================================
Received Import Request.
  Time since last request: 0.000054 seconds.
  path: Assets/CasualGameSounds/HorseTrot.wav
  artifactKey: Guid(d8d04c6f80a1140db85ede568dab1f51) Importer(815301076,1909f56bfc062723c751e8b465ee728b)
Start importing Assets/CasualGameSounds/HorseTrot.wav using Guid(d8d04c6f80a1140db85ede568dab1f51) Importer(815301076,1909f56bfc062723c751e8b465ee728b)  -> (artifact id: '512549254e48293b43f1e8cd8bf0d7b3') in 0.016107 seconds 
========================================================================
Received Import Request.
  Time since last request: 0.000037 seconds.
  path: Assets/CasualGameSounds/DM-CGS-38.wav
  artifactKey: Guid(84e427d6b66ab4066b6a4dcd0ce819ee) Importer(815301076,1909f56bfc062723c751e8b465ee728b)
Start importing Assets/CasualGameSounds/DM-CGS-38.wav using Guid(84e427d6b66ab4066b6a4dcd0ce819ee) Importer(815301076,1909f56bfc062723c751e8b465ee728b)  -> (artifact id: '72bbc42e4a5a6682f29e7dc9fac2f073') in 0.027555 seconds 
========================================================================
Received Import Request.
  Time since last request: 0.000029 seconds.
  path: Assets/CasualGameSounds/DM-CGS-45.wav
  artifactKey: Guid(52320e590bf774734a288886eba557ba) Importer(815301076,1909f56bfc062723c751e8b465ee728b)
Start importing Assets/CasualGameSounds/DM-CGS-45.wav using Guid(52320e590bf774734a288886eba557ba) Importer(815301076,1909f56bfc062723c751e8b465ee728b)  -> (artifact id: 'cfccec29374eb22738c803a2c60d3fd0') in 0.017664 seconds 
========================================================================
Received Import Request.
  Time since last request: 0.000031 seconds.
  path: Assets/CasualGameSounds/DM-CGS-42.wav
  artifactKey: Guid(38a17a92b9d9748c6a1e67972041b833) Importer(815301076,1909f56bfc062723c751e8b465ee728b)
Start importing Assets/CasualGameSounds/DM-CGS-42.wav using Guid(38a17a92b9d9748c6a1e67972041b833) Importer(815301076,1909f56bfc062723c751e8b465ee728b)  -> (artifact id: '99ef31993c9261e77875bb66ba90a1e3') in 0.015401 seconds 
========================================================================
Received Import Request.
  Time since last request: 0.000034 seconds.
  path: Assets/CasualGameSounds/GuitarStrings.wav
  artifactKey: Guid(a0ca8964c08d54c5dbebf245bdc474ca) Importer(815301076,1909f56bfc062723c751e8b465ee728b)
Start importing Assets/CasualGameSounds/GuitarStrings.wav using Guid(a0ca8964c08d54c5dbebf245bdc474ca) Importer(815301076,1909f56bfc062723c751e8b465ee728b)  -> (artifact id: '1a6d39de0328dc4820ff734c24dcd355') in 0.015749 seconds 
========================================================================
Received Import Request.
  Time since last request: 0.000036 seconds.
  path: Assets/CasualGameSounds/DM-CGS-48.wav
  artifactKey: Guid(7e26c9daf4c32483b9c2790e662d3f1b) Importer(815301076,1909f56bfc062723c751e8b465ee728b)
Start importing Assets/CasualGameSounds/DM-CGS-48.wav using Guid(7e26c9daf4c32483b9c2790e662d3f1b) Importer(815301076,1909f56bfc062723c751e8b465ee728b)  -> (artifact id: '23dc90e55e0b87d30770f72f526692ed') in 0.018077 seconds 
========================================================================
Received Import Request.
  Time since last request: 0.000034 seconds.
  path: Assets/CasualGameSounds/MetallicTingX4.wav
  artifactKey: Guid(c5e2a73ad4706440f93bf05df0b465fe) Importer(815301076,1909f56bfc062723c751e8b465ee728b)
Start importing Assets/CasualGameSounds/MetallicTingX4.wav using Guid(c5e2a73ad4706440f93bf05df0b465fe) Importer(815301076,1909f56bfc062723c751e8b465ee728b)  -> (artifact id: '88d34af2a6f613d72b7435a6ea654131') in 0.017359 seconds 
========================================================================
Received Import Request.
  Time since last request: 0.000034 seconds.
  path: Assets/CasualGameSounds/DM-CGS-49.wav
  artifactKey: Guid(7bef0064f8567430cac22499c6b93d4f) Importer(815301076,1909f56bfc062723c751e8b465ee728b)
Start importing Assets/CasualGameSounds/DM-CGS-49.wav using Guid(7bef0064f8567430cac22499c6b93d4f) Importer(815301076,1909f56bfc062723c751e8b465ee728b)  -> (artifact id: 'dda1f6674ba60d3de28d63591fb914d4') in 0.020951 seconds 
========================================================================
Received Import Request.
  Time since last request: 0.000036 seconds.
  path: Assets/CasualGameSounds/DM-CGS-40.wav
  artifactKey: Guid(0994c12e202f342459a4212e7287f7e8) Importer(815301076,1909f56bfc062723c751e8b465ee728b)
Start importing Assets/CasualGameSounds/DM-CGS-40.wav using Guid(0994c12e202f342459a4212e7287f7e8) Importer(815301076,1909f56bfc062723c751e8b465ee728b)  -> (artifact id: '0c1a4d7ac0eba7b761728a6a1cdd0617') in 0.016867 seconds 
========================================================================
Received Import Request.
  Time since last request: 0.000035 seconds.
  path: Assets/CasualGameSounds/ScaryTurn.wav
  artifactKey: Guid(72127805eb2bc4e7fbf2e02eca266cfa) Importer(815301076,1909f56bfc062723c751e8b465ee728b)
Start importing Assets/CasualGameSounds/ScaryTurn.wav using Guid(72127805eb2bc4e7fbf2e02eca266cfa) Importer(815301076,1909f56bfc062723c751e8b465ee728b)  -> (artifact id: '10709bd340ba91b7cd8909ff8eff2e5c') in 0.019065 seconds 
========================================================================
Received Import Request.
  Time since last request: 0.000029 seconds.
  path: Assets/CasualGameSounds/TapHollowGlass.wav
  artifactKey: Guid(19f89c6e740e7447f9e12a8310d3e973) Importer(815301076,1909f56bfc062723c751e8b465ee728b)
Start importing Assets/CasualGameSounds/TapHollowGlass.wav using Guid(19f89c6e740e7447f9e12a8310d3e973) Importer(815301076,1909f56bfc062723c751e8b465ee728b)  -> (artifact id: '2c9b9fb14739c7867c11cc75a9366fb8') in 0.013841 seconds 
========================================================================
Received Import Request.
  Time since last request: 0.000046 seconds.
  path: Assets/CasualGameSounds/DM-CGS-34.wav
  artifactKey: Guid(881e3f52c86c94f26a60718d35627cd8) Importer(815301076,1909f56bfc062723c751e8b465ee728b)
Start importing Assets/CasualGameSounds/DM-CGS-34.wav using Guid(881e3f52c86c94f26a60718d35627cd8) Importer(815301076,1909f56bfc062723c751e8b465ee728b)  -> (artifact id: '8a09c2a59ae3d0d9f72b8774ab5ab70d') in 0.014471 seconds 
========================================================================
Received Import Request.
  Time since last request: 0.000029 seconds.
  path: Assets/CasualGameSounds/DroppingDrum.wav
  artifactKey: Guid(dc6614beca09347ec9b258f12d154bdd) Importer(815301076,1909f56bfc062723c751e8b465ee728b)
Start importing Assets/CasualGameSounds/DroppingDrum.wav using Guid(dc6614beca09347ec9b258f12d154bdd) Importer(815301076,1909f56bfc062723c751e8b465ee728b)  -> (artifact id: '9b2c676b5f1ca5945e049508582b88f9') in 0.018898 seconds 
Editor requested this worker to shutdown with reason: Scaling down because of idle timeout
AssetImportWorker is now disconnected from the server
Process exiting
Exiting without the bug reporter. Application will terminate with return code 0